[28-Aug-2025 15:13:41 America/Los_Angeles] config.php: Session ID: 872e6e58aca84abc87a32efee0874281
[28-Aug-2025 15:13:41 America/Los_Angeles] config.php: Session contents: {"user_id":1,"role":"Admin","current_request_id":"346e8a928ea0f721c6ea4c454e1935e5","page_rendered_1114d72b89847171c73f7d063e463ae9":true,"page_rendered_723a296bf21819a712a6cdc9015b90d7":true}
[28-Aug-2025 15:13:41 America/Los_Angeles] config.php: Session save path: /tmp
[28-Aug-2025 15:13:41 America/Los_Angeles] config.php: Raw cookies: {"PHPSESSID":"872e6e58aca84abc87a32efee0874281"}
[28-Aug-2025 15:13:41 America/Los_Angeles] config.php: Session file contents: user_id|i:1;role|s:5:"Admin";current_request_id|s:32:"1114d72b89847171c73f7d063e463ae9";page_rendered_1114d72b89847171c73f7d063e463ae9|b:1;page_rendered_723a296bf21819a712a6cdc9015b90d7|b:1;
[28-Aug-2025 15:13:41 America/Los_Angeles] config.php: Logging initialized
[28-Aug-2025 15:13:41 America/Los_Angeles] category.php: Step 7 - Config included at 1756419221.06
[28-Aug-2025 15:13:41 America/Los_Angeles] category.php: Step 9 - User logged in, ID: 1, Role: Admin
[28-Aug-2025 15:13:41 America/Los_Angeles] category.php: Step 10 - Fetching category ID: 14
[28-Aug-2025 15:13:41 America/Los_Angeles] category.php: Step 14 - Category fetched: {"id":14,"name":"MANAGE"}
[28-Aug-2025 15:13:41 America/Los_Angeles] category.php: Step 35 - Page marked as rendered
[28-Aug-2025 15:13:41 America/Los_Angeles] category.php: Cleaned up session, current size: 171
[28-Aug-2025 15:13:41 America/Los_Angeles] sidebar.php: Starting script
[28-Aug-2025 15:13:41 America/Los_Angeles] sidebar.php: Config loaded successfully
[28-Aug-2025 15:13:41 America/Los_Angeles] sidebar.php: User ID set to: 1
[28-Aug-2025 15:13:41 America/Los_Angeles] sidebar.php: Categories fetched successfully: [{"id":6,"name":"Trip Itineraries"},{"id":7,"name":"Fundraising"},{"id":9,"name":"Instrument Repairs"},{"id":10,"name":"User Balances"},{"id":11,"name":"Accounts Receivable"},{"id":12,"name":"Accounts Payable"},{"id":13,"name":"Finances"},{"id":14,"name":"MANAGE"}]
[28-Aug-2025 15:13:41 America/Los_Angeles] sidebar.php: Ordered categories prepared: [{"id":14,"name":"MANAGE","url":"category.php?id=14","submenu":[]},{"id":0,"name":"Home","url":"home.php","submenu":[]},{"id":1,"name":"User Profile","url":"category.php","submenu":[]},{"id":8,"name":"Roster","url":"category.php","submenu":[{"id":8,"name":"Contact Information","url":"contact_information.php"},{"id":5,"name":"Accounts","url":"accounts.php"}]},{"id":5,"name":"Inventory","url":"category.php","submenu":[{"id":2,"name":"Instrument Inventory","url":"category.php"},{"id":3,"name":"Uniform Inventory","url":"category.php"},{"id":4,"name":"Music Library","url":"category.php"}]},{"id":6,"name":"Trip Itineraries","url":"category.php","submenu":[]},{"id":7,"name":"Fundraising","url":"category.php","submenu":[]},{"id":9,"name":"Instrument Repairs","url":"category.php","submenu":[]},{"id":10,"name":"User Balances","url":"category.php","submenu":[]},{"id":11,"name":"Accounts Receivable","url":"category.php","submenu":[]},{"id":12,"name":"Accounts Payable","url":"category.php","submenu":[]},{"id":13,"name":"Finances","url":"category.php","submenu":[]}]
[28-Aug-2025 15:13:41 America/Los_Angeles] sidebar.php: Session size after cleanup: 141
[28-Aug-2025 15:13:41 America/Los_Angeles] sidebar.php: Script completed
[28-Aug-2025 15:13:41 America/Los_Angeles] category.php: Sidebar rendered for request_id: 346e8a928ea0f721c6ea4c454e1935e5
[28-Aug-2025 15:13:41 America/Los_Angeles] category.php: Step 36 - Script completed at 1756419221.0625
[28-Aug-2025 15:13:41 America/Los_Angeles] config.php: Session ID: 872e6e58aca84abc87a32efee0874281
[28-Aug-2025 15:13:41 America/Los_Angeles] config.php: Session contents: {"user_id":1,"role":"Admin","current_request_id":"95fa2663e3dcf3e65052f5de2c79f695","page_rendered_346e8a928ea0f721c6ea4c454e1935e5":true}
[28-Aug-2025 15:13:41 America/Los_Angeles] config.php: Session save path: /tmp
[28-Aug-2025 15:13:41 America/Los_Angeles] config.php: Raw cookies: {"PHPSESSID":"872e6e58aca84abc87a32efee0874281"}
[28-Aug-2025 15:13:41 America/Los_Angeles] config.php: Session file contents: user_id|i:1;role|s:5:"Admin";current_request_id|s:32:"346e8a928ea0f721c6ea4c454e1935e5";page_rendered_346e8a928ea0f721c6ea4c454e1935e5|b:1;
[28-Aug-2025 15:13:41 America/Los_Angeles] config.php: Logging initialized
[28-Aug-2025 15:13:41 America/Los_Angeles] category.php: Step 7 - Config included at 1756419221.3331
[28-Aug-2025 15:13:41 America/Los_Angeles] category.php: Step 9 - User logged in, ID: 1, Role: Admin
[28-Aug-2025 15:13:41 America/Los_Angeles] category.php: Step 10 - Fetching category ID: 14
[28-Aug-2025 15:13:41 America/Los_Angeles] category.php: Step 14 - Category fetched: {"id":14,"name":"MANAGE"}
[28-Aug-2025 15:13:41 America/Los_Angeles] category.php: Step 35 - Page marked as rendered
[28-Aug-2025 15:13:41 America/Los_Angeles] category.php: Cleaned up session, current size: 171
[28-Aug-2025 15:13:41 America/Los_Angeles] sidebar.php: Starting script
[28-Aug-2025 15:13:41 America/Los_Angeles] sidebar.php: Config loaded successfully
[28-Aug-2025 15:13:41 America/Los_Angeles] sidebar.php: User ID set to: 1
[28-Aug-2025 15:13:41 America/Los_Angeles] sidebar.php: Categories fetched successfully: [{"id":6,"name":"Trip Itineraries"},{"id":7,"name":"Fundraising"},{"id":9,"name":"Instrument Repairs"},{"id":10,"name":"User Balances"},{"id":11,"name":"Accounts Receivable"},{"id":12,"name":"Accounts Payable"},{"id":13,"name":"Finances"},{"id":14,"name":"MANAGE"}]
[28-Aug-2025 15:13:41 America/Los_Angeles] sidebar.php: Ordered categories prepared: [{"id":14,"name":"MANAGE","url":"category.php?id=14","submenu":[]},{"id":0,"name":"Home","url":"home.php","submenu":[]},{"id":1,"name":"User Profile","url":"category.php","submenu":[]},{"id":8,"name":"Roster","url":"category.php","submenu":[{"id":8,"name":"Contact Information","url":"contact_information.php"},{"id":5,"name":"Accounts","url":"accounts.php"}]},{"id":5,"name":"Inventory","url":"category.php","submenu":[{"id":2,"name":"Instrument Inventory","url":"category.php"},{"id":3,"name":"Uniform Inventory","url":"category.php"},{"id":4,"name":"Music Library","url":"category.php"}]},{"id":6,"name":"Trip Itineraries","url":"category.php","submenu":[]},{"id":7,"name":"Fundraising","url":"category.php","submenu":[]},{"id":9,"name":"Instrument Repairs","url":"category.php","submenu":[]},{"id":10,"name":"User Balances","url":"category.php","submenu":[]},{"id":11,"name":"Accounts Receivable","url":"category.php","submenu":[]},{"id":12,"name":"Accounts Payable","url":"category.php","submenu":[]},{"id":13,"name":"Finances","url":"category.php","submenu":[]}]
[28-Aug-2025 15:13:41 America/Los_Angeles] sidebar.php: Session size after cleanup: 141
[28-Aug-2025 15:13:41 America/Los_Angeles] sidebar.php: Script completed
[28-Aug-2025 15:13:41 America/Los_Angeles] category.php: Sidebar rendered for request_id: 95fa2663e3dcf3e65052f5de2c79f695
[28-Aug-2025 15:13:41 America/Los_Angeles] category.php: Step 36 - Script completed at 1756419221.3347
[28-Aug-2025 15:13:42 America/Los_Angeles] config.php: Session ID: 872e6e58aca84abc87a32efee0874281
[28-Aug-2025 15:13:42 America/Los_Angeles] config.php: Session contents: {"user_id":1,"role":"Admin","current_request_id":"e4a4a2e419a3ec99d3851befb6ad7d32","page_rendered_95fa2663e3dcf3e65052f5de2c79f695":true}
[28-Aug-2025 15:13:42 America/Los_Angeles] config.php: Session save path: /tmp
[28-Aug-2025 15:13:42 America/Los_Angeles] config.php: Raw cookies: {"PHPSESSID":"872e6e58aca84abc87a32efee0874281"}
[28-Aug-2025 15:13:42 America/Los_Angeles] config.php: Session file contents: user_id|i:1;role|s:5:"Admin";current_request_id|s:32:"95fa2663e3dcf3e65052f5de2c79f695";page_rendered_95fa2663e3dcf3e65052f5de2c79f695|b:1;
[28-Aug-2025 15:13:42 America/Los_Angeles] config.php: Logging initialized
[28-Aug-2025 15:13:42 America/Los_Angeles] category.php: Step 7 - Config included at 1756419223.0016
[28-Aug-2025 15:13:42 America/Los_Angeles] category.php: Step 9 - User logged in, ID: 1, Role: Admin
[28-Aug-2025 15:13:42 America/Los_Angeles] category.php: Step 10 - Fetching category ID: 14
[28-Aug-2025 15:13:42 America/Los_Angeles] category.php: Step 14 - Category fetched: {"id":14,"name":"MANAGE"}
[28-Aug-2025 15:13:42 America/Los_Angeles] category.php: Step 35 - Page marked as rendered
[28-Aug-2025 15:13:42 America/Los_Angeles] category.php: Cleaned up session, current size: 171
[28-Aug-2025 15:13:42 America/Los_Angeles] sidebar.php: Starting script
[28-Aug-2025 15:13:42 America/Los_Angeles] sidebar.php: Config loaded successfully
[28-Aug-2025 15:13:42 America/Los_Angeles] sidebar.php: User ID set to: 1
[28-Aug-2025 15:13:42 America/Los_Angeles] sidebar.php: Categories fetched successfully: [{"id":6,"name":"Trip Itineraries"},{"id":7,"name":"Fundraising"},{"id":9,"name":"Instrument Repairs"},{"id":10,"name":"User Balances"},{"id":11,"name":"Accounts Receivable"},{"id":12,"name":"Accounts Payable"},{"id":13,"name":"Finances"},{"id":14,"name":"MANAGE"}]
[28-Aug-2025 15:13:42 America/Los_Angeles] sidebar.php: Ordered categories prepared: [{"id":14,"name":"MANAGE","url":"category.php?id=14","submenu":[]},{"id":0,"name":"Home","url":"home.php","submenu":[]},{"id":1,"name":"User Profile","url":"category.php","submenu":[]},{"id":8,"name":"Roster","url":"category.php","submenu":[{"id":8,"name":"Contact Information","url":"contact_information.php"},{"id":5,"name":"Accounts","url":"accounts.php"}]},{"id":5,"name":"Inventory","url":"category.php","submenu":[{"id":2,"name":"Instrument Inventory","url":"category.php"},{"id":3,"name":"Uniform Inventory","url":"category.php"},{"id":4,"name":"Music Library","url":"category.php"}]},{"id":6,"name":"Trip Itineraries","url":"category.php","submenu":[]},{"id":7,"name":"Fundraising","url":"category.php","submenu":[]},{"id":9,"name":"Instrument Repairs","url":"category.php","submenu":[]},{"id":10,"name":"User Balances","url":"category.php","submenu":[]},{"id":11,"name":"Accounts Receivable","url":"category.php","submenu":[]},{"id":12,"name":"Accounts Payable","url":"category.php","submenu":[]},{"id":13,"name":"Finances","url":"category.php","submenu":[]}]
[28-Aug-2025 15:13:42 America/Los_Angeles] sidebar.php: Session size after cleanup: 141
[28-Aug-2025 15:13:42 America/Los_Angeles] sidebar.php: Script completed
[28-Aug-2025 15:13:42 America/Los_Angeles] category.php: Sidebar rendered for request_id: e4a4a2e419a3ec99d3851befb6ad7d32
[28-Aug-2025 15:13:42 America/Los_Angeles] category.php: Step 36 - Script completed at 1756419223.004
[28-Aug-2025 15:13:45 America/Los_Angeles] config.php: Session ID: 872e6e58aca84abc87a32efee0874281
[28-Aug-2025 15:13:45 America/Los_Angeles] config.php: Session contents: {"user_id":1,"role":"Admin","current_request_id":"3a0a78cc2b523925d9e119f468c1e6ca","page_rendered_e4a4a2e419a3ec99d3851befb6ad7d32":true}
[28-Aug-2025 15:13:45 America/Los_Angeles] config.php: Session save path: /tmp
[28-Aug-2025 15:13:45 America/Los_Angeles] config.php: Raw cookies: {"PHPSESSID":"872e6e58aca84abc87a32efee0874281"}
[28-Aug-2025 15:13:45 America/Los_Angeles] config.php: Session file contents: user_id|i:1;role|s:5:"Admin";current_request_id|s:32:"e4a4a2e419a3ec99d3851befb6ad7d32";page_rendered_e4a4a2e419a3ec99d3851befb6ad7d32|b:1;
[28-Aug-2025 15:13:45 America/Los_Angeles] config.php: Logging initialized
[28-Aug-2025 15:13:45 America/Los_Angeles] category.php: Step 7 - Config included at 1756419225.8358
[28-Aug-2025 15:13:45 America/Los_Angeles] category.php: Step 9 - User logged in, ID: 1, Role: Admin
[28-Aug-2025 15:13:45 America/Los_Angeles] category.php: Step 10 - Fetching category ID: 7
[28-Aug-2025 15:13:45 America/Los_Angeles] category.php: Step 14 - Category fetched: {"id":7,"name":"Fundraising"}
[28-Aug-2025 15:13:45 America/Los_Angeles] category.php: Step 35 - Page marked as rendered
[28-Aug-2025 15:13:45 America/Los_Angeles] category.php: Cleaned up session, current size: 171
[28-Aug-2025 15:13:45 America/Los_Angeles] sidebar.php: Starting script
[28-Aug-2025 15:13:45 America/Los_Angeles] sidebar.php: Config loaded successfully
[28-Aug-2025 15:13:45 America/Los_Angeles] sidebar.php: User ID set to: 1
[28-Aug-2025 15:13:45 America/Los_Angeles] sidebar.php: Categories fetched successfully: [{"id":6,"name":"Trip Itineraries"},{"id":7,"name":"Fundraising"},{"id":9,"name":"Instrument Repairs"},{"id":10,"name":"User Balances"},{"id":11,"name":"Accounts Receivable"},{"id":12,"name":"Accounts Payable"},{"id":13,"name":"Finances"},{"id":14,"name":"MANAGE"}]
[28-Aug-2025 15:13:45 America/Los_Angeles] sidebar.php: Ordered categories prepared: [{"id":14,"name":"MANAGE","url":"category.php?id=14","submenu":[]},{"id":0,"name":"Home","url":"home.php","submenu":[]},{"id":1,"name":"User Profile","url":"category.php","submenu":[]},{"id":8,"name":"Roster","url":"category.php","submenu":[{"id":8,"name":"Contact Information","url":"contact_information.php"},{"id":5,"name":"Accounts","url":"accounts.php"}]},{"id":5,"name":"Inventory","url":"category.php","submenu":[{"id":2,"name":"Instrument Inventory","url":"category.php"},{"id":3,"name":"Uniform Inventory","url":"category.php"},{"id":4,"name":"Music Library","url":"category.php"}]},{"id":6,"name":"Trip Itineraries","url":"category.php","submenu":[]},{"id":7,"name":"Fundraising","url":"category.php","submenu":[]},{"id":9,"name":"Instrument Repairs","url":"category.php","submenu":[]},{"id":10,"name":"User Balances","url":"category.php","submenu":[]},{"id":11,"name":"Accounts Receivable","url":"category.php","submenu":[]},{"id":12,"name":"Accounts Payable","url":"category.php","submenu":[]},{"id":13,"name":"Finances","url":"category.php","submenu":[]}]
[28-Aug-2025 15:13:45 America/Los_Angeles] sidebar.php: Session size after cleanup: 141
[28-Aug-2025 15:13:45 America/Los_Angeles] sidebar.php: Script completed
[28-Aug-2025 15:13:45 America/Los_Angeles] category.php: Sidebar rendered for request_id: 3a0a78cc2b523925d9e119f468c1e6ca
[28-Aug-2025 15:13:45 America/Los_Angeles] category.php: Step 36 - Script completed at 1756419225.8378
[28-Aug-2025 15:13:45 America/Los_Angeles] config.php: Session ID: 872e6e58aca84abc87a32efee0874281
[28-Aug-2025 15:13:45 America/Los_Angeles] config.php: Session contents: {"user_id":1,"role":"Admin","current_request_id":"1817f51731087fa7121a62623665bba3","page_rendered_3a0a78cc2b523925d9e119f468c1e6ca":true}
[28-Aug-2025 15:13:45 America/Los_Angeles] config.php: Session save path: /tmp
[28-Aug-2025 15:13:45 America/Los_Angeles] config.php: Raw cookies: {"PHPSESSID":"872e6e58aca84abc87a32efee0874281"}
[28-Aug-2025 15:13:45 America/Los_Angeles] config.php: Session file contents: user_id|i:1;role|s:5:"Admin";current_request_id|s:32:"3a0a78cc2b523925d9e119f468c1e6ca";page_rendered_3a0a78cc2b523925d9e119f468c1e6ca|b:1;
[28-Aug-2025 15:13:45 America/Los_Angeles] config.php: Logging initialized
[28-Aug-2025 15:13:45 America/Los_Angeles] category.php: Step 7 - Config included at 1756419225.963
[28-Aug-2025 15:13:45 America/Los_Angeles] category.php: Step 9 - User logged in, ID: 1, Role: Admin
[28-Aug-2025 15:13:45 America/Los_Angeles] category.php: Step 10 - Fetching category ID: 14
[28-Aug-2025 15:13:45 America/Los_Angeles] category.php: Step 14 - Category fetched: {"id":14,"name":"MANAGE"}
[28-Aug-2025 15:13:45 America/Los_Angeles] category.php: Step 35 - Page marked as rendered
[28-Aug-2025 15:13:45 America/Los_Angeles] category.php: Cleaned up session, current size: 171
[28-Aug-2025 15:13:45 America/Los_Angeles] sidebar.php: Starting script
[28-Aug-2025 15:13:45 America/Los_Angeles] sidebar.php: Config loaded successfully
[28-Aug-2025 15:13:45 America/Los_Angeles] sidebar.php: User ID set to: 1
[28-Aug-2025 15:13:45 America/Los_Angeles] sidebar.php: Categories fetched successfully: [{"id":6,"name":"Trip Itineraries"},{"id":7,"name":"Fundraising"},{"id":9,"name":"Instrument Repairs"},{"id":10,"name":"User Balances"},{"id":11,"name":"Accounts Receivable"},{"id":12,"name":"Accounts Payable"},{"id":13,"name":"Finances"},{"id":14,"name":"MANAGE"}]
[28-Aug-2025 15:13:45 America/Los_Angeles] sidebar.php: Ordered categories prepared: [{"id":14,"name":"MANAGE","url":"category.php?id=14","submenu":[]},{"id":0,"name":"Home","url":"home.php","submenu":[]},{"id":1,"name":"User Profile","url":"category.php","submenu":[]},{"id":8,"name":"Roster","url":"category.php","submenu":[{"id":8,"name":"Contact Information","url":"contact_information.php"},{"id":5,"name":"Accounts","url":"accounts.php"}]},{"id":5,"name":"Inventory","url":"category.php","submenu":[{"id":2,"name":"Instrument Inventory","url":"category.php"},{"id":3,"name":"Uniform Inventory","url":"category.php"},{"id":4,"name":"Music Library","url":"category.php"}]},{"id":6,"name":"Trip Itineraries","url":"category.php","submenu":[]},{"id":7,"name":"Fundraising","url":"category.php","submenu":[]},{"id":9,"name":"Instrument Repairs","url":"category.php","submenu":[]},{"id":10,"name":"User Balances","url":"category.php","submenu":[]},{"id":11,"name":"Accounts Receivable","url":"category.php","submenu":[]},{"id":12,"name":"Accounts Payable","url":"category.php","submenu":[]},{"id":13,"name":"Finances","url":"category.php","submenu":[]}]
[28-Aug-2025 15:13:45 America/Los_Angeles] sidebar.php: Session size after cleanup: 141
[28-Aug-2025 15:13:45 America/Los_Angeles] sidebar.php: Script completed
[28-Aug-2025 15:13:45 America/Los_Angeles] category.php: Sidebar rendered for request_id: 1817f51731087fa7121a62623665bba3
[28-Aug-2025 15:13:45 America/Los_Angeles] category.php: Step 36 - Script completed at 1756419225.9651
[28-Aug-2025 15:13:47 America/Los_Angeles] config.php: Session ID: 872e6e58aca84abc87a32efee0874281
[28-Aug-2025 15:13:47 America/Los_Angeles] config.php: Session contents: {"user_id":1,"role":"Admin","current_request_id":"04876ac95f66f03f964591a8a07dd0e3","page_rendered_1817f51731087fa7121a62623665bba3":true}
[28-Aug-2025 15:13:47 America/Los_Angeles] config.php: Session save path: /tmp
[28-Aug-2025 15:13:47 America/Los_Angeles] config.php: Raw cookies: {"PHPSESSID":"872e6e58aca84abc87a32efee0874281"}
[28-Aug-2025 15:13:47 America/Los_Angeles] config.php: Session file contents: user_id|i:1;role|s:5:"Admin";current_request_id|s:32:"1817f51731087fa7121a62623665bba3";page_rendered_1817f51731087fa7121a62623665bba3|b:1;
[28-Aug-2025 15:13:47 America/Los_Angeles] config.php: Logging initialized
[28-Aug-2025 15:13:47 America/Los_Angeles] category.php: Step 7 - Config included at 1756419227.1801
[28-Aug-2025 15:13:47 America/Los_Angeles] category.php: Step 9 - User logged in, ID: 1, Role: Admin
[28-Aug-2025 15:13:47 America/Los_Angeles] category.php: Step 10 - Fetching category ID: 6
[28-Aug-2025 15:13:47 America/Los_Angeles] category.php: Step 14 - Category fetched: {"id":6,"name":"Trip Itineraries"}
[28-Aug-2025 15:13:47 America/Los_Angeles] category.php: Step 35 - Page marked as rendered
[28-Aug-2025 15:13:47 America/Los_Angeles] category.php: Cleaned up session, current size: 171
[28-Aug-2025 15:13:47 America/Los_Angeles] sidebar.php: Starting script
[28-Aug-2025 15:13:47 America/Los_Angeles] sidebar.php: Config loaded successfully
[28-Aug-2025 15:13:47 America/Los_Angeles] sidebar.php: User ID set to: 1
[28-Aug-2025 15:13:47 America/Los_Angeles] sidebar.php: Categories fetched successfully: [{"id":6,"name":"Trip Itineraries"},{"id":7,"name":"Fundraising"},{"id":9,"name":"Instrument Repairs"},{"id":10,"name":"User Balances"},{"id":11,"name":"Accounts Receivable"},{"id":12,"name":"Accounts Payable"},{"id":13,"name":"Finances"},{"id":14,"name":"MANAGE"}]
[28-Aug-2025 15:13:47 America/Los_Angeles] sidebar.php: Ordered categories prepared: [{"id":14,"name":"MANAGE","url":"category.php?id=14","submenu":[]},{"id":0,"name":"Home","url":"home.php","submenu":[]},{"id":1,"name":"User Profile","url":"category.php","submenu":[]},{"id":8,"name":"Roster","url":"category.php","submenu":[{"id":8,"name":"Contact Information","url":"contact_information.php"},{"id":5,"name":"Accounts","url":"accounts.php"}]},{"id":5,"name":"Inventory","url":"category.php","submenu":[{"id":2,"name":"Instrument Inventory","url":"category.php"},{"id":3,"name":"Uniform Inventory","url":"category.php"},{"id":4,"name":"Music Library","url":"category.php"}]},{"id":6,"name":"Trip Itineraries","url":"category.php","submenu":[]},{"id":7,"name":"Fundraising","url":"category.php","submenu":[]},{"id":9,"name":"Instrument Repairs","url":"category.php","submenu":[]},{"id":10,"name":"User Balances","url":"category.php","submenu":[]},{"id":11,"name":"Accounts Receivable","url":"category.php","submenu":[]},{"id":12,"name":"Accounts Payable","url":"category.php","submenu":[]},{"id":13,"name":"Finances","url":"category.php","submenu":[]}]
[28-Aug-2025 15:13:47 America/Los_Angeles] sidebar.php: Session size after cleanup: 141
[28-Aug-2025 15:13:47 America/Los_Angeles] sidebar.php: Script completed
[28-Aug-2025 15:13:47 America/Los_Angeles] category.php: Sidebar rendered for request_id: 04876ac95f66f03f964591a8a07dd0e3
[28-Aug-2025 15:13:47 America/Los_Angeles] category.php: Step 36 - Script completed at 1756419227.182
[28-Aug-2025 15:13:48 America/Los_Angeles] config.php: Session ID: 872e6e58aca84abc87a32efee0874281
[28-Aug-2025 15:13:48 America/Los_Angeles] config.php: Session contents: {"user_id":1,"role":"Admin","current_request_id":"fb97341e54a4d665068d4445f8f850d9","page_rendered_04876ac95f66f03f964591a8a07dd0e3":true}
[28-Aug-2025 15:13:48 America/Los_Angeles] config.php: Session save path: /tmp
[28-Aug-2025 15:13:48 America/Los_Angeles] config.php: Raw cookies: {"PHPSESSID":"872e6e58aca84abc87a32efee0874281"}
[28-Aug-2025 15:13:48 America/Los_Angeles] config.php: Session file contents: user_id|i:1;role|s:5:"Admin";current_request_id|s:32:"04876ac95f66f03f964591a8a07dd0e3";page_rendered_04876ac95f66f03f964591a8a07dd0e3|b:1;
[28-Aug-2025 15:13:48 America/Los_Angeles] config.php: Logging initialized
[28-Aug-2025 15:13:48 America/Los_Angeles] category.php: Step 7 - Config included at 1756419228.0476
[28-Aug-2025 15:13:48 America/Los_Angeles] category.php: Step 9 - User logged in, ID: 1, Role: Admin
[28-Aug-2025 15:13:48 America/Los_Angeles] category.php: Step 10 - Fetching category ID: 6
[28-Aug-2025 15:13:48 America/Los_Angeles] category.php: Step 14 - Category fetched: {"id":6,"name":"Trip Itineraries"}
[28-Aug-2025 15:13:48 America/Los_Angeles] category.php: Step 35 - Page marked as rendered
[28-Aug-2025 15:13:48 America/Los_Angeles] category.php: Cleaned up session, current size: 171
[28-Aug-2025 15:13:48 America/Los_Angeles] sidebar.php: Starting script
[28-Aug-2025 15:13:48 America/Los_Angeles] sidebar.php: Config loaded successfully
[28-Aug-2025 15:13:48 America/Los_Angeles] sidebar.php: User ID set to: 1
[28-Aug-2025 15:13:48 America/Los_Angeles] sidebar.php: Categories fetched successfully: [{"id":6,"name":"Trip Itineraries"},{"id":7,"name":"Fundraising"},{"id":9,"name":"Instrument Repairs"},{"id":10,"name":"User Balances"},{"id":11,"name":"Accounts Receivable"},{"id":12,"name":"Accounts Payable"},{"id":13,"name":"Finances"},{"id":14,"name":"MANAGE"}]
[28-Aug-2025 15:13:48 America/Los_Angeles] sidebar.php: Ordered categories prepared: [{"id":14,"name":"MANAGE","url":"category.php?id=14","submenu":[]},{"id":0,"name":"Home","url":"home.php","submenu":[]},{"id":1,"name":"User Profile","url":"category.php","submenu":[]},{"id":8,"name":"Roster","url":"category.php","submenu":[{"id":8,"name":"Contact Information","url":"contact_information.php"},{"id":5,"name":"Accounts","url":"accounts.php"}]},{"id":5,"name":"Inventory","url":"category.php","submenu":[{"id":2,"name":"Instrument Inventory","url":"category.php"},{"id":3,"name":"Uniform Inventory","url":"category.php"},{"id":4,"name":"Music Library","url":"category.php"}]},{"id":6,"name":"Trip Itineraries","url":"category.php","submenu":[]},{"id":7,"name":"Fundraising","url":"category.php","submenu":[]},{"id":9,"name":"Instrument Repairs","url":"category.php","submenu":[]},{"id":10,"name":"User Balances","url":"category.php","submenu":[]},{"id":11,"name":"Accounts Receivable","url":"category.php","submenu":[]},{"id":12,"name":"Accounts Payable","url":"category.php","submenu":[]},{"id":13,"name":"Finances","url":"category.php","submenu":[]}]
[28-Aug-2025 15:13:48 America/Los_Angeles] sidebar.php: Session size after cleanup: 141
[28-Aug-2025 15:13:48 America/Los_Angeles] sidebar.php: Script completed
[28-Aug-2025 15:13:48 America/Los_Angeles] category.php: Sidebar rendered for request_id: fb97341e54a4d665068d4445f8f850d9
[28-Aug-2025 15:13:48 America/Los_Angeles] category.php: Step 36 - Script completed at 1756419228.0491
[28-Aug-2025 15:13:48 America/Los_Angeles] config.php: Session ID: 872e6e58aca84abc87a32efee0874281
[28-Aug-2025 15:13:48 America/Los_Angeles] config.php: Session contents: {"user_id":1,"role":"Admin","current_request_id":"ac17a95399f136dcea2c9f81d5011e0f","page_rendered_fb97341e54a4d665068d4445f8f850d9":true}
[28-Aug-2025 15:13:48 America/Los_Angeles] config.php: Session save path: /tmp
[28-Aug-2025 15:13:48 America/Los_Angeles] config.php: Raw cookies: {"PHPSESSID":"872e6e58aca84abc87a32efee0874281"}
[28-Aug-2025 15:13:48 America/Los_Angeles] config.php: Session file contents: user_id|i:1;role|s:5:"Admin";current_request_id|s:32:"fb97341e54a4d665068d4445f8f850d9";page_rendered_fb97341e54a4d665068d4445f8f850d9|b:1;
[28-Aug-2025 15:13:48 America/Los_Angeles] config.php: Logging initialized
[28-Aug-2025 15:13:48 America/Los_Angeles] category.php: Step 7 - Config included at 1756419228.1451
[28-Aug-2025 15:13:48 America/Los_Angeles] category.php: Step 9 - User logged in, ID: 1, Role: Admin
[28-Aug-2025 15:13:48 America/Los_Angeles] category.php: Step 10 - Fetching category ID: 6
[28-Aug-2025 15:13:48 America/Los_Angeles] category.php: Step 14 - Category fetched: {"id":6,"name":"Trip Itineraries"}
[28-Aug-2025 15:13:48 America/Los_Angeles] category.php: Step 35 - Page marked as rendered
[28-Aug-2025 15:13:48 America/Los_Angeles] category.php: Cleaned up session, current size: 171
[28-Aug-2025 15:13:48 America/Los_Angeles] sidebar.php: Starting script
[28-Aug-2025 15:13:48 America/Los_Angeles] sidebar.php: Config loaded successfully
[28-Aug-2025 15:13:48 America/Los_Angeles] sidebar.php: User ID set to: 1
[28-Aug-2025 15:13:48 America/Los_Angeles] sidebar.php: Categories fetched successfully: [{"id":6,"name":"Trip Itineraries"},{"id":7,"name":"Fundraising"},{"id":9,"name":"Instrument Repairs"},{"id":10,"name":"User Balances"},{"id":11,"name":"Accounts Receivable"},{"id":12,"name":"Accounts Payable"},{"id":13,"name":"Finances"},{"id":14,"name":"MANAGE"}]
[28-Aug-2025 15:13:48 America/Los_Angeles] sidebar.php: Ordered categories prepared: [{"id":14,"name":"MANAGE","url":"category.php?id=14","submenu":[]},{"id":0,"name":"Home","url":"home.php","submenu":[]},{"id":1,"name":"User Profile","url":"category.php","submenu":[]},{"id":8,"name":"Roster","url":"category.php","submenu":[{"id":8,"name":"Contact Information","url":"contact_information.php"},{"id":5,"name":"Accounts","url":"accounts.php"}]},{"id":5,"name":"Inventory","url":"category.php","submenu":[{"id":2,"name":"Instrument Inventory","url":"category.php"},{"id":3,"name":"Uniform Inventory","url":"category.php"},{"id":4,"name":"Music Library","url":"category.php"}]},{"id":6,"name":"Trip Itineraries","url":"category.php","submenu":[]},{"id":7,"name":"Fundraising","url":"category.php","submenu":[]},{"id":9,"name":"Instrument Repairs","url":"category.php","submenu":[]},{"id":10,"name":"User Balances","url":"category.php","submenu":[]},{"id":11,"name":"Accounts Receivable","url":"category.php","submenu":[]},{"id":12,"name":"Accounts Payable","url":"category.php","submenu":[]},{"id":13,"name":"Finances","url":"category.php","submenu":[]}]
[28-Aug-2025 15:13:48 America/Los_Angeles] sidebar.php: Session size after cleanup: 141
[28-Aug-2025 15:13:48 America/Los_Angeles] sidebar.php: Script completed
[28-Aug-2025 15:13:48 America/Los_Angeles] category.php: Sidebar rendered for request_id: ac17a95399f136dcea2c9f81d5011e0f
[28-Aug-2025 15:13:48 America/Los_Angeles] category.php: Step 36 - Script completed at 1756419228.1468
[28-Aug-2025 15:13:48 America/Los_Angeles] config.php: Session ID: 872e6e58aca84abc87a32efee0874281
[28-Aug-2025 15:13:48 America/Los_Angeles] config.php: Session contents: {"user_id":1,"role":"Admin","current_request_id":"92528b89dfff3c9b3763ef3870aeb96a","page_rendered_ac17a95399f136dcea2c9f81d5011e0f":true}
[28-Aug-2025 15:13:48 America/Los_Angeles] config.php: Session save path: /tmp
[28-Aug-2025 15:13:48 America/Los_Angeles] config.php: Raw cookies: {"PHPSESSID":"872e6e58aca84abc87a32efee0874281"}
[28-Aug-2025 15:13:48 America/Los_Angeles] config.php: Session file contents: user_id|i:1;role|s:5:"Admin";current_request_id|s:32:"ac17a95399f136dcea2c9f81d5011e0f";page_rendered_ac17a95399f136dcea2c9f81d5011e0f|b:1;
[28-Aug-2025 15:13:48 America/Los_Angeles] config.php: Logging initialized
[28-Aug-2025 15:13:48 America/Los_Angeles] category.php: Step 7 - Config included at 1756419228.3376
[28-Aug-2025 15:13:48 America/Los_Angeles] category.php: Step 9 - User logged in, ID: 1, Role: Admin
[28-Aug-2025 15:13:48 America/Los_Angeles] category.php: Step 10 - Fetching category ID: 6
[28-Aug-2025 15:13:48 America/Los_Angeles] category.php: Step 14 - Category fetched: {"id":6,"name":"Trip Itineraries"}
[28-Aug-2025 15:13:48 America/Los_Angeles] category.php: Step 35 - Page marked as rendered
[28-Aug-2025 15:13:48 America/Los_Angeles] category.php: Cleaned up session, current size: 171
[28-Aug-2025 15:13:48 America/Los_Angeles] sidebar.php: Starting script
[28-Aug-2025 15:13:48 America/Los_Angeles] sidebar.php: Config loaded successfully
[28-Aug-2025 15:13:48 America/Los_Angeles] sidebar.php: User ID set to: 1
[28-Aug-2025 15:13:48 America/Los_Angeles] sidebar.php: Categories fetched successfully: [{"id":6,"name":"Trip Itineraries"},{"id":7,"name":"Fundraising"},{"id":9,"name":"Instrument Repairs"},{"id":10,"name":"User Balances"},{"id":11,"name":"Accounts Receivable"},{"id":12,"name":"Accounts Payable"},{"id":13,"name":"Finances"},{"id":14,"name":"MANAGE"}]
[28-Aug-2025 15:13:48 America/Los_Angeles] sidebar.php: Ordered categories prepared: [{"id":14,"name":"MANAGE","url":"category.php?id=14","submenu":[]},{"id":0,"name":"Home","url":"home.php","submenu":[]},{"id":1,"name":"User Profile","url":"category.php","submenu":[]},{"id":8,"name":"Roster","url":"category.php","submenu":[{"id":8,"name":"Contact Information","url":"contact_information.php"},{"id":5,"name":"Accounts","url":"accounts.php"}]},{"id":5,"name":"Inventory","url":"category.php","submenu":[{"id":2,"name":"Instrument Inventory","url":"category.php"},{"id":3,"name":"Uniform Inventory","url":"category.php"},{"id":4,"name":"Music Library","url":"category.php"}]},{"id":6,"name":"Trip Itineraries","url":"category.php","submenu":[]},{"id":7,"name":"Fundraising","url":"category.php","submenu":[]},{"id":9,"name":"Instrument Repairs","url":"category.php","submenu":[]},{"id":10,"name":"User Balances","url":"category.php","submenu":[]},{"id":11,"name":"Accounts Receivable","url":"category.php","submenu":[]},{"id":12,"name":"Accounts Payable","url":"category.php","submenu":[]},{"id":13,"name":"Finances","url":"category.php","submenu":[]}]
[28-Aug-2025 15:13:48 America/Los_Angeles] sidebar.php: Session size after cleanup: 141
[28-Aug-2025 15:13:48 America/Los_Angeles] sidebar.php: Script completed
[28-Aug-2025 15:13:48 America/Los_Angeles] category.php: Sidebar rendered for request_id: 92528b89dfff3c9b3763ef3870aeb96a
[28-Aug-2025 15:13:48 America/Los_Angeles] category.php: Step 36 - Script completed at 1756419228.3392
[28-Aug-2025 15:13:49 America/Los_Angeles] config.php: Session ID: 872e6e58aca84abc87a32efee0874281
[28-Aug-2025 15:13:49 America/Los_Angeles] config.php: Session contents: {"user_id":1,"role":"Admin","current_request_id":"d1275896b20b69b451f6842ba4c10227","page_rendered_92528b89dfff3c9b3763ef3870aeb96a":true}
[28-Aug-2025 15:13:49 America/Los_Angeles] config.php: Session save path: /tmp
[28-Aug-2025 15:13:49 America/Los_Angeles] config.php: Raw cookies: {"PHPSESSID":"872e6e58aca84abc87a32efee0874281"}
[28-Aug-2025 15:13:49 America/Los_Angeles] config.php: Session file contents: user_id|i:1;role|s:5:"Admin";current_request_id|s:32:"92528b89dfff3c9b3763ef3870aeb96a";page_rendered_92528b89dfff3c9b3763ef3870aeb96a|b:1;
[28-Aug-2025 15:13:49 America/Los_Angeles] config.php: Logging initialized
[28-Aug-2025 15:13:49 America/Los_Angeles] category.php: Step 7 - Config included at 1756419229.2019
[28-Aug-2025 15:13:49 America/Los_Angeles] category.php: Step 9 - User logged in, ID: 1, Role: Admin
[28-Aug-2025 15:13:49 America/Los_Angeles] category.php: Step 10 - Fetching category ID: 9
[28-Aug-2025 15:13:49 America/Los_Angeles] category.php: Step 14 - Category fetched: {"id":9,"name":"Instrument Repairs"}
[28-Aug-2025 15:13:49 America/Los_Angeles] category.php: Step 35 - Page marked as rendered
[28-Aug-2025 15:13:49 America/Los_Angeles] category.php: Cleaned up session, current size: 171
[28-Aug-2025 15:13:49 America/Los_Angeles] sidebar.php: Starting script
[28-Aug-2025 15:13:49 America/Los_Angeles] sidebar.php: Config loaded successfully
[28-Aug-2025 15:13:49 America/Los_Angeles] sidebar.php: User ID set to: 1
[28-Aug-2025 15:13:49 America/Los_Angeles] sidebar.php: Categories fetched successfully: [{"id":6,"name":"Trip Itineraries"},{"id":7,"name":"Fundraising"},{"id":9,"name":"Instrument Repairs"},{"id":10,"name":"User Balances"},{"id":11,"name":"Accounts Receivable"},{"id":12,"name":"Accounts Payable"},{"id":13,"name":"Finances"},{"id":14,"name":"MANAGE"}]
[28-Aug-2025 15:13:49 America/Los_Angeles] sidebar.php: Ordered categories prepared: [{"id":14,"name":"MANAGE","url":"category.php?id=14","submenu":[]},{"id":0,"name":"Home","url":"home.php","submenu":[]},{"id":1,"name":"User Profile","url":"category.php","submenu":[]},{"id":8,"name":"Roster","url":"category.php","submenu":[{"id":8,"name":"Contact Information","url":"contact_information.php"},{"id":5,"name":"Accounts","url":"accounts.php"}]},{"id":5,"name":"Inventory","url":"category.php","submenu":[{"id":2,"name":"Instrument Inventory","url":"category.php"},{"id":3,"name":"Uniform Inventory","url":"category.php"},{"id":4,"name":"Music Library","url":"category.php"}]},{"id":6,"name":"Trip Itineraries","url":"category.php","submenu":[]},{"id":7,"name":"Fundraising","url":"category.php","submenu":[]},{"id":9,"name":"Instrument Repairs","url":"category.php","submenu":[]},{"id":10,"name":"User Balances","url":"category.php","submenu":[]},{"id":11,"name":"Accounts Receivable","url":"category.php","submenu":[]},{"id":12,"name":"Accounts Payable","url":"category.php","submenu":[]},{"id":13,"name":"Finances","url":"category.php","submenu":[]}]
[28-Aug-2025 15:13:49 America/Los_Angeles] sidebar.php: Session size after cleanup: 141
[28-Aug-2025 15:13:49 America/Los_Angeles] sidebar.php: Script completed
[28-Aug-2025 15:13:49 America/Los_Angeles] category.php: Sidebar rendered for request_id: d1275896b20b69b451f6842ba4c10227
[28-Aug-2025 15:13:49 America/Los_Angeles] category.php: Step 36 - Script completed at 1756419229.2035
[28-Aug-2025 15:13:49 America/Los_Angeles] config.php: Session ID: 872e6e58aca84abc87a32efee0874281
[28-Aug-2025 15:13:49 America/Los_Angeles] config.php: Session contents: {"user_id":1,"role":"Admin","current_request_id":"613cf2528f2e2fd162c1dd2f63ca7b87","page_rendered_d1275896b20b69b451f6842ba4c10227":true}
[28-Aug-2025 15:13:49 America/Los_Angeles] config.php: Session save path: /tmp
[28-Aug-2025 15:13:49 America/Los_Angeles] config.php: Raw cookies: {"PHPSESSID":"872e6e58aca84abc87a32efee0874281"}
[28-Aug-2025 15:13:49 America/Los_Angeles] config.php: Session file contents: user_id|i:1;role|s:5:"Admin";current_request_id|s:32:"d1275896b20b69b451f6842ba4c10227";page_rendered_d1275896b20b69b451f6842ba4c10227|b:1;
[28-Aug-2025 15:13:49 America/Los_Angeles] config.php: Logging initialized
[28-Aug-2025 15:13:49 America/Los_Angeles] category.php: Step 7 - Config included at 1756419229.2711
[28-Aug-2025 15:13:49 America/Los_Angeles] category.php: Step 9 - User logged in, ID: 1, Role: Admin
[28-Aug-2025 15:13:49 America/Los_Angeles] category.php: Step 10 - Fetching category ID: 6
[28-Aug-2025 15:13:49 America/Los_Angeles] category.php: Step 14 - Category fetched: {"id":6,"name":"Trip Itineraries"}
[28-Aug-2025 15:13:49 America/Los_Angeles] category.php: Step 35 - Page marked as rendered
[28-Aug-2025 15:13:49 America/Los_Angeles] category.php: Cleaned up session, current size: 171
[28-Aug-2025 15:13:49 America/Los_Angeles] sidebar.php: Starting script
[28-Aug-2025 15:13:49 America/Los_Angeles] sidebar.php: Config loaded successfully
[28-Aug-2025 15:13:49 America/Los_Angeles] sidebar.php: User ID set to: 1
[28-Aug-2025 15:13:49 America/Los_Angeles] sidebar.php: Categories fetched successfully: [{"id":6,"name":"Trip Itineraries"},{"id":7,"name":"Fundraising"},{"id":9,"name":"Instrument Repairs"},{"id":10,"name":"User Balances"},{"id":11,"name":"Accounts Receivable"},{"id":12,"name":"Accounts Payable"},{"id":13,"name":"Finances"},{"id":14,"name":"MANAGE"}]
[28-Aug-2025 15:13:49 America/Los_Angeles] sidebar.php: Ordered categories prepared: [{"id":14,"name":"MANAGE","url":"category.php?id=14","submenu":[]},{"id":0,"name":"Home","url":"home.php","submenu":[]},{"id":1,"name":"User Profile","url":"category.php","submenu":[]},{"id":8,"name":"Roster","url":"category.php","submenu":[{"id":8,"name":"Contact Information","url":"contact_information.php"},{"id":5,"name":"Accounts","url":"accounts.php"}]},{"id":5,"name":"Inventory","url":"category.php","submenu":[{"id":2,"name":"Instrument Inventory","url":"category.php"},{"id":3,"name":"Uniform Inventory","url":"category.php"},{"id":4,"name":"Music Library","url":"category.php"}]},{"id":6,"name":"Trip Itineraries","url":"category.php","submenu":[]},{"id":7,"name":"Fundraising","url":"category.php","submenu":[]},{"id":9,"name":"Instrument Repairs","url":"category.php","submenu":[]},{"id":10,"name":"User Balances","url":"category.php","submenu":[]},{"id":11,"name":"Accounts Receivable","url":"category.php","submenu":[]},{"id":12,"name":"Accounts Payable","url":"category.php","submenu":[]},{"id":13,"name":"Finances","url":"category.php","submenu":[]}]
[28-Aug-2025 15:13:49 America/Los_Angeles] sidebar.php: Session size after cleanup: 141
[28-Aug-2025 15:13:49 America/Los_Angeles] sidebar.php: Script completed
[28-Aug-2025 15:13:49 America/Los_Angeles] category.php: Sidebar rendered for request_id: 613cf2528f2e2fd162c1dd2f63ca7b87
[28-Aug-2025 15:13:49 America/Los_Angeles] category.php: Step 36 - Script completed at 1756419229.2725
[28-Aug-2025 15:14:59 America/Los_Angeles] config.php: Session ID: 872e6e58aca84abc87a32efee0874281
[28-Aug-2025 15:14:59 America/Los_Angeles] config.php: Session contents: {"user_id":1,"role":"Admin","current_request_id":"339f6f06bafd162ff24cbf832c2e73f2","page_rendered_613cf2528f2e2fd162c1dd2f63ca7b87":true}
[28-Aug-2025 15:14:59 America/Los_Angeles] config.php: Session save path: /tmp
[28-Aug-2025 15:14:59 America/Los_Angeles] config.php: Raw cookies: {"PHPSESSID":"872e6e58aca84abc87a32efee0874281"}
[28-Aug-2025 15:14:59 America/Los_Angeles] config.php: Session file contents: user_id|i:1;role|s:5:"Admin";current_request_id|s:32:"613cf2528f2e2fd162c1dd2f63ca7b87";page_rendered_613cf2528f2e2fd162c1dd2f63ca7b87|b:1;
[28-Aug-2025 15:14:59 America/Los_Angeles] config.php: Logging initialized
[28-Aug-2025 15:14:59 America/Los_Angeles] category.php: Step 7 - Config included at 1756419299.37
[28-Aug-2025 15:14:59 America/Los_Angeles] category.php: Step 9 - User logged in, ID: 1, Role: Admin
[28-Aug-2025 15:14:59 America/Los_Angeles] category.php: Step 10 - Fetching category ID: 6
[28-Aug-2025 15:14:59 America/Los_Angeles] category.php: Step 14 - Category fetched: {"id":6,"name":"Trip Itineraries"}
[28-Aug-2025 15:14:59 America/Los_Angeles] category.php: Step 35 - Page marked as rendered
[28-Aug-2025 15:14:59 America/Los_Angeles] category.php: Cleaned up session, current size: 171
[28-Aug-2025 15:14:59 America/Los_Angeles] sidebar.php: Starting script
[28-Aug-2025 15:14:59 America/Los_Angeles] sidebar.php: Config loaded successfully
[28-Aug-2025 15:14:59 America/Los_Angeles] sidebar.php: User ID set to: 1
[28-Aug-2025 15:14:59 America/Los_Angeles] sidebar.php: Categories fetched successfully: [{"id":6,"name":"Trip Itineraries"},{"id":7,"name":"Fundraising"},{"id":9,"name":"Instrument Repairs"},{"id":10,"name":"User Balances"},{"id":11,"name":"Accounts Receivable"},{"id":12,"name":"Accounts Payable"},{"id":13,"name":"Finances"},{"id":14,"name":"MANAGE"}]
[28-Aug-2025 15:14:59 America/Los_Angeles] sidebar.php: Ordered categories prepared: [{"id":14,"name":"MANAGE","url":"category.php?id=14","submenu":[]},{"id":0,"name":"Home","url":"home.php","submenu":[]},{"id":1,"name":"User Profile","url":"category.php","submenu":[]},{"id":8,"name":"Roster","url":"category.php","submenu":[{"id":8,"name":"Contact Information","url":"contact_information.php"},{"id":5,"name":"Accounts","url":"accounts.php"}]},{"id":5,"name":"Inventory","url":"category.php","submenu":[{"id":2,"name":"Instrument Inventory","url":"category.php"},{"id":3,"name":"Uniform Inventory","url":"category.php"},{"id":4,"name":"Music Library","url":"category.php"}]},{"id":6,"name":"Trip Itineraries","url":"category.php","submenu":[]},{"id":7,"name":"Fundraising","url":"category.php","submenu":[]},{"id":9,"name":"Instrument Repairs","url":"category.php","submenu":[]},{"id":10,"name":"User Balances","url":"category.php","submenu":[]},{"id":11,"name":"Accounts Receivable","url":"category.php","submenu":[]},{"id":12,"name":"Accounts Payable","url":"category.php","submenu":[]},{"id":13,"name":"Finances","url":"category.php","submenu":[]}]
[28-Aug-2025 15:14:59 America/Los_Angeles] sidebar.php: Session size after cleanup: 141
[28-Aug-2025 15:14:59 America/Los_Angeles] sidebar.php: Script completed
[28-Aug-2025 15:14:59 America/Los_Angeles] category.php: Sidebar rendered for request_id: 339f6f06bafd162ff24cbf832c2e73f2
[28-Aug-2025 15:14:59 America/Los_Angeles] category.php: Step 36 - Script completed at 1756419299.3726
[28-Aug-2025 15:15:00 America/Los_Angeles] config.php: Session ID: 872e6e58aca84abc87a32efee0874281
[28-Aug-2025 15:15:00 America/Los_Angeles] config.php: Session contents: {"user_id":1,"role":"Admin","current_request_id":"fe9010c50b53a64683a1d3a0e6000f84","page_rendered_339f6f06bafd162ff24cbf832c2e73f2":true}
[28-Aug-2025 15:15:00 America/Los_Angeles] config.php: Session save path: /tmp
[28-Aug-2025 15:15:00 America/Los_Angeles] config.php: Raw cookies: {"PHPSESSID":"872e6e58aca84abc87a32efee0874281"}
[28-Aug-2025 15:15:00 America/Los_Angeles] config.php: Session file contents: user_id|i:1;role|s:5:"Admin";current_request_id|s:32:"339f6f06bafd162ff24cbf832c2e73f2";page_rendered_339f6f06bafd162ff24cbf832c2e73f2|b:1;
[28-Aug-2025 15:15:00 America/Los_Angeles] config.php: Logging initialized
[28-Aug-2025 15:15:00 America/Los_Angeles] category.php: Step 7 - Config included at 1756419300.8651
[28-Aug-2025 15:15:00 America/Los_Angeles] category.php: Step 9 - User logged in, ID: 1, Role: Admin
[28-Aug-2025 15:15:00 America/Los_Angeles] category.php: Step 10 - Fetching category ID: 7
[28-Aug-2025 15:15:00 America/Los_Angeles] category.php: Step 14 - Category fetched: {"id":7,"name":"Fundraising"}
[28-Aug-2025 15:15:00 America/Los_Angeles] category.php: Step 35 - Page marked as rendered
[28-Aug-2025 15:15:00 America/Los_Angeles] category.php: Cleaned up session, current size: 171
[28-Aug-2025 15:15:00 America/Los_Angeles] sidebar.php: Starting script
[28-Aug-2025 15:15:00 America/Los_Angeles] sidebar.php: Config loaded successfully
[28-Aug-2025 15:15:00 America/Los_Angeles] sidebar.php: User ID set to: 1
[28-Aug-2025 15:15:00 America/Los_Angeles] sidebar.php: Categories fetched successfully: [{"id":6,"name":"Trip Itineraries"},{"id":7,"name":"Fundraising"},{"id":9,"name":"Instrument Repairs"},{"id":10,"name":"User Balances"},{"id":11,"name":"Accounts Receivable"},{"id":12,"name":"Accounts Payable"},{"id":13,"name":"Finances"},{"id":14,"name":"MANAGE"}]
[28-Aug-2025 15:15:00 America/Los_Angeles] sidebar.php: Ordered categories prepared: [{"id":14,"name":"MANAGE","url":"category.php?id=14","submenu":[]},{"id":0,"name":"Home","url":"home.php","submenu":[]},{"id":1,"name":"User Profile","url":"category.php","submenu":[]},{"id":8,"name":"Roster","url":"category.php","submenu":[{"id":8,"name":"Contact Information","url":"contact_information.php"},{"id":5,"name":"Accounts","url":"accounts.php"}]},{"id":5,"name":"Inventory","url":"category.php","submenu":[{"id":2,"name":"Instrument Inventory","url":"category.php"},{"id":3,"name":"Uniform Inventory","url":"category.php"},{"id":4,"name":"Music Library","url":"category.php"}]},{"id":6,"name":"Trip Itineraries","url":"category.php","submenu":[]},{"id":7,"name":"Fundraising","url":"category.php","submenu":[]},{"id":9,"name":"Instrument Repairs","url":"category.php","submenu":[]},{"id":10,"name":"User Balances","url":"category.php","submenu":[]},{"id":11,"name":"Accounts Receivable","url":"category.php","submenu":[]},{"id":12,"name":"Accounts Payable","url":"category.php","submenu":[]},{"id":13,"name":"Finances","url":"category.php","submenu":[]}]
[28-Aug-2025 15:15:00 America/Los_Angeles] sidebar.php: Session size after cleanup: 141
[28-Aug-2025 15:15:00 America/Los_Angeles] sidebar.php: Script completed
[28-Aug-2025 15:15:00 America/Los_Angeles] category.php: Sidebar rendered for request_id: fe9010c50b53a64683a1d3a0e6000f84
[28-Aug-2025 15:15:00 America/Los_Angeles] category.php: Step 36 - Script completed at 1756419300.8667
[28-Aug-2025 15:15:01 America/Los_Angeles] config.php: Session ID: 872e6e58aca84abc87a32efee0874281
[28-Aug-2025 15:15:01 America/Los_Angeles] config.php: Session contents: {"user_id":1,"role":"Admin","current_request_id":"315409b448e8040b37db36c6f2139a88","page_rendered_fe9010c50b53a64683a1d3a0e6000f84":true}
[28-Aug-2025 15:15:01 America/Los_Angeles] config.php: Session save path: /tmp
[28-Aug-2025 15:15:01 America/Los_Angeles] config.php: Raw cookies: {"PHPSESSID":"872e6e58aca84abc87a32efee0874281"}
[28-Aug-2025 15:15:01 America/Los_Angeles] config.php: Session file contents: user_id|i:1;role|s:5:"Admin";current_request_id|s:32:"fe9010c50b53a64683a1d3a0e6000f84";page_rendered_fe9010c50b53a64683a1d3a0e6000f84|b:1;
[28-Aug-2025 15:15:01 America/Los_Angeles] config.php: Logging initialized
[28-Aug-2025 15:15:01 America/Los_Angeles] category.php: Step 7 - Config included at 1756419301.4417
[28-Aug-2025 15:15:01 America/Los_Angeles] category.php: Step 9 - User logged in, ID: 1, Role: Admin
[28-Aug-2025 15:15:01 America/Los_Angeles] category.php: Step 10 - Fetching category ID: 6
[28-Aug-2025 15:15:01 America/Los_Angeles] category.php: Step 14 - Category fetched: {"id":6,"name":"Trip Itineraries"}
[28-Aug-2025 15:15:01 America/Los_Angeles] category.php: Step 35 - Page marked as rendered
[28-Aug-2025 15:15:01 America/Los_Angeles] category.php: Cleaned up session, current size: 171
[28-Aug-2025 15:15:01 America/Los_Angeles] sidebar.php: Starting script
[28-Aug-2025 15:15:01 America/Los_Angeles] sidebar.php: Config loaded successfully
[28-Aug-2025 15:15:01 America/Los_Angeles] sidebar.php: User ID set to: 1
[28-Aug-2025 15:15:01 America/Los_Angeles] sidebar.php: Categories fetched successfully: [{"id":6,"name":"Trip Itineraries"},{"id":7,"name":"Fundraising"},{"id":9,"name":"Instrument Repairs"},{"id":10,"name":"User Balances"},{"id":11,"name":"Accounts Receivable"},{"id":12,"name":"Accounts Payable"},{"id":13,"name":"Finances"},{"id":14,"name":"MANAGE"}]
[28-Aug-2025 15:15:01 America/Los_Angeles] sidebar.php: Ordered categories prepared: [{"id":14,"name":"MANAGE","url":"category.php?id=14","submenu":[]},{"id":0,"name":"Home","url":"home.php","submenu":[]},{"id":1,"name":"User Profile","url":"category.php","submenu":[]},{"id":8,"name":"Roster","url":"category.php","submenu":[{"id":8,"name":"Contact Information","url":"contact_information.php"},{"id":5,"name":"Accounts","url":"accounts.php"}]},{"id":5,"name":"Inventory","url":"category.php","submenu":[{"id":2,"name":"Instrument Inventory","url":"category.php"},{"id":3,"name":"Uniform Inventory","url":"category.php"},{"id":4,"name":"Music Library","url":"category.php"}]},{"id":6,"name":"Trip Itineraries","url":"category.php","submenu":[]},{"id":7,"name":"Fundraising","url":"category.php","submenu":[]},{"id":9,"name":"Instrument Repairs","url":"category.php","submenu":[]},{"id":10,"name":"User Balances","url":"category.php","submenu":[]},{"id":11,"name":"Accounts Receivable","url":"category.php","submenu":[]},{"id":12,"name":"Accounts Payable","url":"category.php","submenu":[]},{"id":13,"name":"Finances","url":"category.php","submenu":[]}]
[28-Aug-2025 15:15:01 America/Los_Angeles] sidebar.php: Session size after cleanup: 141
[28-Aug-2025 15:15:01 America/Los_Angeles] sidebar.php: Script completed
[28-Aug-2025 15:15:01 America/Los_Angeles] category.php: Sidebar rendered for request_id: 315409b448e8040b37db36c6f2139a88
[28-Aug-2025 15:15:01 America/Los_Angeles] category.php: Step 36 - Script completed at 1756419301.4433
[28-Aug-2025 15:15:01 America/Los_Angeles] config.php: Session ID: 872e6e58aca84abc87a32efee0874281
[28-Aug-2025 15:15:01 America/Los_Angeles] config.php: Session contents: {"user_id":1,"role":"Admin","current_request_id":"12ee37d14b20afb833b1236cc3f29119","page_rendered_315409b448e8040b37db36c6f2139a88":true}
[28-Aug-2025 15:15:01 America/Los_Angeles] config.php: Session save path: /tmp
[28-Aug-2025 15:15:01 America/Los_Angeles] config.php: Raw cookies: {"PHPSESSID":"872e6e58aca84abc87a32efee0874281"}
[28-Aug-2025 15:15:01 America/Los_Angeles] config.php: Session file contents: user_id|i:1;role|s:5:"Admin";current_request_id|s:32:"315409b448e8040b37db36c6f2139a88";page_rendered_315409b448e8040b37db36c6f2139a88|b:1;
[28-Aug-2025 15:15:01 America/Los_Angeles] config.php: Logging initialized
[28-Aug-2025 15:15:01 America/Los_Angeles] category.php: Step 7 - Config included at 1756419301.9436
[28-Aug-2025 15:15:01 America/Los_Angeles] category.php: Step 9 - User logged in, ID: 1, Role: Admin
[28-Aug-2025 15:15:01 America/Los_Angeles] category.php: Step 10 - Fetching category ID: 5
[28-Aug-2025 15:15:01 America/Los_Angeles] category.php: Step 14 - Category fetched: {"id":5,"name":"Inventory"}
[28-Aug-2025 15:15:01 America/Los_Angeles] category.php: Step 35 - Page marked as rendered
[28-Aug-2025 15:15:01 America/Los_Angeles] category.php: Cleaned up session, current size: 171
[28-Aug-2025 15:15:01 America/Los_Angeles] sidebar.php: Starting script
[28-Aug-2025 15:15:01 America/Los_Angeles] sidebar.php: Config loaded successfully
[28-Aug-2025 15:15:01 America/Los_Angeles] sidebar.php: User ID set to: 1
[28-Aug-2025 15:15:01 America/Los_Angeles] sidebar.php: Categories fetched successfully: [{"id":6,"name":"Trip Itineraries"},{"id":7,"name":"Fundraising"},{"id":9,"name":"Instrument Repairs"},{"id":10,"name":"User Balances"},{"id":11,"name":"Accounts Receivable"},{"id":12,"name":"Accounts Payable"},{"id":13,"name":"Finances"},{"id":14,"name":"MANAGE"}]
[28-Aug-2025 15:15:01 America/Los_Angeles] sidebar.php: Ordered categories prepared: [{"id":14,"name":"MANAGE","url":"category.php?id=14","submenu":[]},{"id":0,"name":"Home","url":"home.php","submenu":[]},{"id":1,"name":"User Profile","url":"category.php","submenu":[]},{"id":8,"name":"Roster","url":"category.php","submenu":[{"id":8,"name":"Contact Information","url":"contact_information.php"},{"id":5,"name":"Accounts","url":"accounts.php"}]},{"id":5,"name":"Inventory","url":"category.php","submenu":[{"id":2,"name":"Instrument Inventory","url":"category.php"},{"id":3,"name":"Uniform Inventory","url":"category.php"},{"id":4,"name":"Music Library","url":"category.php"}]},{"id":6,"name":"Trip Itineraries","url":"category.php","submenu":[]},{"id":7,"name":"Fundraising","url":"category.php","submenu":[]},{"id":9,"name":"Instrument Repairs","url":"category.php","submenu":[]},{"id":10,"name":"User Balances","url":"category.php","submenu":[]},{"id":11,"name":"Accounts Receivable","url":"category.php","submenu":[]},{"id":12,"name":"Accounts Payable","url":"category.php","submenu":[]},{"id":13,"name":"Finances","url":"category.php","submenu":[]}]
[28-Aug-2025 15:15:01 America/Los_Angeles] sidebar.php: Session size after cleanup: 141
[28-Aug-2025 15:15:01 America/Los_Angeles] sidebar.php: Script completed
[28-Aug-2025 15:15:01 America/Los_Angeles] category.php: Sidebar rendered for request_id: 12ee37d14b20afb833b1236cc3f29119
[28-Aug-2025 15:15:01 America/Los_Angeles] category.php: Step 36 - Script completed at 1756419301.945
[28-Aug-2025 15:15:03 America/Los_Angeles] config.php: Session ID: 872e6e58aca84abc87a32efee0874281
[28-Aug-2025 15:15:03 America/Los_Angeles] config.php: Session contents: {"user_id":1,"role":"Admin","current_request_id":"85f8efd6c1f37ecf07af2c3fa6141e8c","page_rendered_12ee37d14b20afb833b1236cc3f29119":true}
[28-Aug-2025 15:15:03 America/Los_Angeles] config.php: Session save path: /tmp
[28-Aug-2025 15:15:03 America/Los_Angeles] config.php: Raw cookies: {"PHPSESSID":"872e6e58aca84abc87a32efee0874281"}
[28-Aug-2025 15:15:03 America/Los_Angeles] config.php: Session file contents: user_id|i:1;role|s:5:"Admin";current_request_id|s:32:"12ee37d14b20afb833b1236cc3f29119";page_rendered_12ee37d14b20afb833b1236cc3f29119|b:1;
[28-Aug-2025 15:15:03 America/Los_Angeles] config.php: Logging initialized
[28-Aug-2025 15:15:03 America/Los_Angeles] category.php: Step 7 - Config included at 1756419303.0121
[28-Aug-2025 15:15:03 America/Los_Angeles] category.php: Step 9 - User logged in, ID: 1, Role: Admin
[28-Aug-2025 15:15:03 America/Los_Angeles] category.php: Step 10 - Fetching category ID: 2
[28-Aug-2025 15:15:03 America/Los_Angeles] category.php: Step 14 - Category fetched: {"id":2,"name":"Instrument Inventory"}
[28-Aug-2025 15:15:03 America/Los_Angeles] category.php: Step 35 - Page marked as rendered
[28-Aug-2025 15:15:03 America/Los_Angeles] category.php: Cleaned up session, current size: 171
[28-Aug-2025 15:15:03 America/Los_Angeles] category.php: Rendering fixed-bar for category_id: 2 at 1756419303.0146
[28-Aug-2025 15:15:03 America/Los_Angeles] sidebar.php: Starting script
[28-Aug-2025 15:15:03 America/Los_Angeles] sidebar.php: Config loaded successfully
[28-Aug-2025 15:15:03 America/Los_Angeles] sidebar.php: User ID set to: 1
[28-Aug-2025 15:15:03 America/Los_Angeles] sidebar.php: Categories fetched successfully: [{"id":6,"name":"Trip Itineraries"},{"id":7,"name":"Fundraising"},{"id":9,"name":"Instrument Repairs"},{"id":10,"name":"User Balances"},{"id":11,"name":"Accounts Receivable"},{"id":12,"name":"Accounts Payable"},{"id":13,"name":"Finances"},{"id":14,"name":"MANAGE"}]
[28-Aug-2025 15:15:03 America/Los_Angeles] sidebar.php: Ordered categories prepared: [{"id":14,"name":"MANAGE","url":"category.php?id=14","submenu":[]},{"id":0,"name":"Home","url":"home.php","submenu":[]},{"id":1,"name":"User Profile","url":"category.php","submenu":[]},{"id":8,"name":"Roster","url":"category.php","submenu":[{"id":8,"name":"Contact Information","url":"contact_information.php"},{"id":5,"name":"Accounts","url":"accounts.php"}]},{"id":5,"name":"Inventory","url":"category.php","submenu":[{"id":2,"name":"Instrument Inventory","url":"category.php"},{"id":3,"name":"Uniform Inventory","url":"category.php"},{"id":4,"name":"Music Library","url":"category.php"}]},{"id":6,"name":"Trip Itineraries","url":"category.php","submenu":[]},{"id":7,"name":"Fundraising","url":"category.php","submenu":[]},{"id":9,"name":"Instrument Repairs","url":"category.php","submenu":[]},{"id":10,"name":"User Balances","url":"category.php","submenu":[]},{"id":11,"name":"Accounts Receivable","url":"category.php","submenu":[]},{"id":12,"name":"Accounts Payable","url":"category.php","submenu":[]},{"id":13,"name":"Finances","url":"category.php","submenu":[]}]
[28-Aug-2025 15:15:03 America/Los_Angeles] sidebar.php: Session size after cleanup: 204
[28-Aug-2025 15:15:03 America/Los_Angeles] sidebar.php: Script completed
[28-Aug-2025 15:15:03 America/Los_Angeles] category.php: Sidebar rendered for request_id: 85f8efd6c1f37ecf07af2c3fa6141e8c
[28-Aug-2025 15:15:03 America/Los_Angeles] category.php: Step 36 - Script completed at 1756419303.0161
[28-Aug-2025 15:15:03 America/Los_Angeles] config.php: Session ID: 872e6e58aca84abc87a32efee0874281
[28-Aug-2025 15:15:03 America/Los_Angeles] config.php: Session contents: {"user_id":1,"role":"Admin","current_request_id":"9a60ac0f38bd55974842c6de5075b82e","page_rendered_85f8efd6c1f37ecf07af2c3fa6141e8c":true}
[28-Aug-2025 15:15:03 America/Los_Angeles] config.php: Session save path: /tmp
[28-Aug-2025 15:15:03 America/Los_Angeles] config.php: Raw cookies: {"PHPSESSID":"872e6e58aca84abc87a32efee0874281"}
[28-Aug-2025 15:15:03 America/Los_Angeles] config.php: Session file contents: user_id|i:1;role|s:5:"Admin";current_request_id|s:32:"85f8efd6c1f37ecf07af2c3fa6141e8c";page_rendered_85f8efd6c1f37ecf07af2c3fa6141e8c|b:1;
[28-Aug-2025 15:15:03 America/Los_Angeles] config.php: Logging initialized
[28-Aug-2025 15:15:03 America/Los_Angeles] category.php: Step 7 - Config included at 1756419303.1584
[28-Aug-2025 15:15:03 America/Los_Angeles] category.php: Step 9 - User logged in, ID: 1, Role: Admin
[28-Aug-2025 15:15:03 America/Los_Angeles] category.php: Step 10 - Fetching category ID: 2
[28-Aug-2025 15:15:03 America/Los_Angeles] category.php: Step 14 - Category fetched: {"id":2,"name":"Instrument Inventory"}
[28-Aug-2025 15:15:03 America/Los_Angeles] category.php: Step 35 - Page marked as rendered
[28-Aug-2025 15:15:03 America/Los_Angeles] category.php: Cleaned up session, current size: 171
[28-Aug-2025 15:15:03 America/Los_Angeles] category.php: Rendering fixed-bar for category_id: 2 at 1756419303.1628
[28-Aug-2025 15:15:03 America/Los_Angeles] sidebar.php: Starting script
[28-Aug-2025 15:15:03 America/Los_Angeles] sidebar.php: Config loaded successfully
[28-Aug-2025 15:15:03 America/Los_Angeles] sidebar.php: User ID set to: 1
[28-Aug-2025 15:15:03 America/Los_Angeles] sidebar.php: Categories fetched successfully: [{"id":6,"name":"Trip Itineraries"},{"id":7,"name":"Fundraising"},{"id":9,"name":"Instrument Repairs"},{"id":10,"name":"User Balances"},{"id":11,"name":"Accounts Receivable"},{"id":12,"name":"Accounts Payable"},{"id":13,"name":"Finances"},{"id":14,"name":"MANAGE"}]
[28-Aug-2025 15:15:03 America/Los_Angeles] sidebar.php: Ordered categories prepared: [{"id":14,"name":"MANAGE","url":"category.php?id=14","submenu":[]},{"id":0,"name":"Home","url":"home.php","submenu":[]},{"id":1,"name":"User Profile","url":"category.php","submenu":[]},{"id":8,"name":"Roster","url":"category.php","submenu":[{"id":8,"name":"Contact Information","url":"contact_information.php"},{"id":5,"name":"Accounts","url":"accounts.php"}]},{"id":5,"name":"Inventory","url":"category.php","submenu":[{"id":2,"name":"Instrument Inventory","url":"category.php"},{"id":3,"name":"Uniform Inventory","url":"category.php"},{"id":4,"name":"Music Library","url":"category.php"}]},{"id":6,"name":"Trip Itineraries","url":"category.php","submenu":[]},{"id":7,"name":"Fundraising","url":"category.php","submenu":[]},{"id":9,"name":"Instrument Repairs","url":"category.php","submenu":[]},{"id":10,"name":"User Balances","url":"category.php","submenu":[]},{"id":11,"name":"Accounts Receivable","url":"category.php","submenu":[]},{"id":12,"name":"Accounts Payable","url":"category.php","submenu":[]},{"id":13,"name":"Finances","url":"category.php","submenu":[]}]
[28-Aug-2025 15:15:03 America/Los_Angeles] sidebar.php: Session size after cleanup: 204
[28-Aug-2025 15:15:03 America/Los_Angeles] sidebar.php: Script completed
[28-Aug-2025 15:15:03 America/Los_Angeles] category.php: Sidebar rendered for request_id: 9a60ac0f38bd55974842c6de5075b82e
[28-Aug-2025 15:15:03 America/Los_Angeles] category.php: Step 36 - Script completed at 1756419303.1642
[28-Aug-2025 15:15:21 America/Los_Angeles] config.php: Session ID: 872e6e58aca84abc87a32efee0874281
[28-Aug-2025 15:15:21 America/Los_Angeles] config.php: Session contents: {"user_id":1,"role":"Admin","current_request_id":"170199cab3dfd17cc75d1c07e0c2a562","page_rendered_9a60ac0f38bd55974842c6de5075b82e":true}
[28-Aug-2025 15:15:21 America/Los_Angeles] config.php: Session save path: /tmp
[28-Aug-2025 15:15:21 America/Los_Angeles] config.php: Raw cookies: {"PHPSESSID":"872e6e58aca84abc87a32efee0874281"}
[28-Aug-2025 15:15:21 America/Los_Angeles] config.php: Session file contents: user_id|i:1;role|s:5:"Admin";current_request_id|s:32:"9a60ac0f38bd55974842c6de5075b82e";page_rendered_9a60ac0f38bd55974842c6de5075b82e|b:1;
[28-Aug-2025 15:15:21 America/Los_Angeles] config.php: Logging initialized
[28-Aug-2025 15:15:21 America/Los_Angeles] category.php: Step 7 - Config included at 1756419321.4696
[28-Aug-2025 15:15:21 America/Los_Angeles] category.php: Step 9 - User logged in, ID: 1, Role: Admin
[28-Aug-2025 15:15:21 America/Los_Angeles] category.php: Step 10 - Fetching category ID: 14
[28-Aug-2025 15:15:21 America/Los_Angeles] category.php: Step 14 - Category fetched: {"id":14,"name":"MANAGE"}
[28-Aug-2025 15:15:21 America/Los_Angeles] category.php: Step 35 - Page marked as rendered
[28-Aug-2025 15:15:21 America/Los_Angeles] category.php: Cleaned up session, current size: 171
[28-Aug-2025 15:15:21 America/Los_Angeles] sidebar.php: Starting script
[28-Aug-2025 15:15:21 America/Los_Angeles] sidebar.php: Config loaded successfully
[28-Aug-2025 15:15:21 America/Los_Angeles] sidebar.php: User ID set to: 1
[28-Aug-2025 15:15:21 America/Los_Angeles] sidebar.php: Categories fetched successfully: [{"id":6,"name":"Trip Itineraries"},{"id":7,"name":"Fundraising"},{"id":9,"name":"Instrument Repairs"},{"id":10,"name":"User Balances"},{"id":11,"name":"Accounts Receivable"},{"id":12,"name":"Accounts Payable"},{"id":13,"name":"Finances"},{"id":14,"name":"MANAGE"}]
[28-Aug-2025 15:15:21 America/Los_Angeles] sidebar.php: Ordered categories prepared: [{"id":14,"name":"MANAGE","url":"category.php?id=14","submenu":[]},{"id":0,"name":"Home","url":"home.php","submenu":[]},{"id":1,"name":"User Profile","url":"category.php","submenu":[]},{"id":8,"name":"Roster","url":"category.php","submenu":[{"id":8,"name":"Contact Information","url":"contact_information.php"},{"id":5,"name":"Accounts","url":"accounts.php"}]},{"id":5,"name":"Inventory","url":"category.php","submenu":[{"id":2,"name":"Instrument Inventory","url":"category.php"},{"id":3,"name":"Uniform Inventory","url":"category.php"},{"id":4,"name":"Music Library","url":"category.php"}]},{"id":6,"name":"Trip Itineraries","url":"category.php","submenu":[]},{"id":7,"name":"Fundraising","url":"category.php","submenu":[]},{"id":9,"name":"Instrument Repairs","url":"category.php","submenu":[]},{"id":10,"name":"User Balances","url":"category.php","submenu":[]},{"id":11,"name":"Accounts Receivable","url":"category.php","submenu":[]},{"id":12,"name":"Accounts Payable","url":"category.php","submenu":[]},{"id":13,"name":"Finances","url":"category.php","submenu":[]}]
[28-Aug-2025 15:15:21 America/Los_Angeles] sidebar.php: Session size after cleanup: 141
[28-Aug-2025 15:15:21 America/Los_Angeles] sidebar.php: Script completed
[28-Aug-2025 15:15:21 America/Los_Angeles] category.php: Sidebar rendered for request_id: 170199cab3dfd17cc75d1c07e0c2a562
[28-Aug-2025 15:15:21 America/Los_Angeles] category.php: Step 36 - Script completed at 1756419321.4714
